c:\users\jungle\documents\l-studio\fw\fwogl\release\fwogl.pdb
c:\users\jungle\documents\l-studio\fw\fwogl\release\liboglstrng.obj
c:\users\jungle\documents\l-studio\fw\fwogl\release\gltrackball.obj
c:\users\jungle\documents\l-studio\fw\fwogl\release\gltask.obj
c:\users\jungle\documents\l-studio\fw\fwogl\release\viewbox.obj
c:\users\jungle\documents\l-studio\fw\fwogl\release\openglwnd.obj
c:\users\jungle\documents\l-studio\fw\fwogl\release\oglcntxt.obj
c:\users\jungle\documents\l-studio\fw\fwogl\release\materialparams.obj
c:\users\jungle\documents\l-studio\fw\fwogl\release\glutils.obj
c:\users\jungle\documents\l-studio\fw\fwogl\release\fontlist.obj
c:\users\jungle\documents\l-studio\fw\fwogl\release\displists.obj
c:\users\jungle\documents\l-studio\fw\fwogl\release\boundingbox.obj
c:\users\jungle\documents\l-studio\fw\fwogl\release\fwogl.lib
c:\users\jungle\documents\l-studio\fw\fwogl\release\fwogl.tlog\cl.command.1.tlog
c:\users\jungle\documents\l-studio\fw\fwogl\release\fwogl.tlog\cl.items.tlog
c:\users\jungle\documents\l-studio\fw\fwogl\release\fwogl.tlog\cl.read.1.tlog
c:\users\jungle\documents\l-studio\fw\fwogl\release\fwogl.tlog\cl.write.1.tlog
c:\users\jungle\documents\l-studio\fw\fwogl\release\fwogl.tlog\lib-link.read.1.tlog
c:\users\jungle\documents\l-studio\fw\fwogl\release\fwogl.tlog\lib-link.write.1.tlog
c:\users\jungle\documents\l-studio\fw\fwogl\release\fwogl.tlog\lib.command.1.tlog
