  node.cpp
  params.cpp
  racomm.cpp
  rdngicnsdlg.cpp
  remotecnct.cpp
C:\Users\jungle\Documents\L-studio\lstudio-shared\browser\remotecnct.cpp(34,25): warning C4996: 'gethostbyname': Use getaddrinfo() or GetAddrInfoW() instead or define _WINSOCK_DEPRECATED_NO_WARNINGS to disable deprecated API warnings
  socket.cpp
  tGuid.cpp
  vlabbrowser.cpp
C:\Users\jungle\Documents\L-studio\lstudio-shared\browser\vlabbrowser.cpp(1538,52): warning C4459: declaration of 'options' hides global declaration
      C:\Users\jungle\Documents\L-studio\lstudio-shared\browser\vlboptns.h(66,16):
      see declaration of 'VLB::options'
  
  vlboptns.cpp
  user.cpp
  Generating Code...
  scale.c
C:\Users\jungle\Documents\L-studio\lstudio-shared\General\scale.c(160,28): warning C4244: '=': conversion from 'int' to 'byte', possible loss of data
C:\Users\jungle\Documents\L-studio\lstudio-shared\General\scale.c(163,28): warning C4244: '=': conversion from 'int' to 'byte', possible loss of data
C:\Users\jungle\Documents\L-studio\lstudio-shared\General\scale.c(166,28): warning C4244: '=': conversion from 'int' to 'byte', possible loss of data
C:\Users\jungle\Documents\L-studio\lstudio-shared\General\scale.c(252,18): warning C4244: '=': conversion from 'int' to 'byte', possible loss of data
C:\Users\jungle\Documents\L-studio\lstudio-shared\General\scale.c(253,18): warning C4244: '=': conversion from 'int' to 'byte', possible loss of data
C:\Users\jungle\Documents\L-studio\lstudio-shared\General\scale.c(254,18): warning C4244: '=': conversion from 'int' to 'byte', possible loss of data
C:\Users\jungle\Documents\L-studio\lstudio-shared\General\scale.c(333,22): warning C4244: '=': conversion from 'int' to 'byte', possible loss of data
C:\Users\jungle\Documents\L-studio\lstudio-shared\General\scale.c(334,22): warning C4244: '=': conversion from 'int' to 'byte', possible loss of data
C:\Users\jungle\Documents\L-studio\lstudio-shared\General\scale.c(335,22): warning C4244: '=': conversion from 'int' to 'byte', possible loss of data
C:\Users\jungle\Documents\L-studio\lstudio-shared\General\scale.c(424,30): warning C4244: '=': conversion from 'int' to 'byte', possible loss of data
C:\Users\jungle\Documents\L-studio\lstudio-shared\General\scale.c(425,30): warning C4244: '=': conversion from 'int' to 'byte', possible loss of data
C:\Users\jungle\Documents\L-studio\lstudio-shared\General\scale.c(426,30): warning C4244: '=': conversion from 'int' to 'byte', possible loss of data
  shared.vcxproj -> C:\Users\jungle\Documents\L-studio\lstudio-shared\Release\shared.lib
