c:\users\jungle\documents\l-studio\fw\release\fw.pdb
c:\users\jungle\documents\l-studio\fw\release\dropfiles.obj
c:\users\jungle\documents\l-studio\fw\release\clipboard.obj
c:\users\jungle\documents\l-studio\fw\release\tooltip.obj
c:\users\jungle\documents\l-studio\fw\release\tabctrl.obj
c:\users\jungle\documents\l-studio\fw\release\statusbar.obj
c:\users\jungle\documents\l-studio\fw\release\splitter.obj
c:\users\jungle\documents\l-studio\fw\release\spinctrl.obj
c:\users\jungle\documents\l-studio\fw\release\shellshortcut.obj
c:\users\jungle\documents\l-studio\fw\release\imagelist.obj
c:\users\jungle\documents\l-studio\fw\release\huecircle.obj
c:\users\jungle\documents\l-studio\fw\release\combobox.obj
c:\users\jungle\documents\l-studio\fw\release\colorslider.obj
c:\users\jungle\documents\l-studio\fw\release\button.obj
c:\users\jungle\documents\l-studio\fw\release\logfont.obj
c:\users\jungle\documents\l-studio\fw\release\gdiobjs.obj
c:\users\jungle\documents\l-studio\fw\release\cursor.obj
c:\users\jungle\documents\l-studio\fw\release\canvas.obj
c:\users\jungle\documents\l-studio\fw\release\bitmap.obj
c:\users\jungle\documents\l-studio\fw\release\appctrl.obj
c:\users\jungle\documents\l-studio\fw\release\app.obj
c:\users\jungle\documents\l-studio\fw\release\mdichctrl.obj
c:\users\jungle\documents\l-studio\fw\release\genctrl.obj
c:\users\jungle\documents\l-studio\fw\release\formctrl.obj
c:\users\jungle\documents\l-studio\fw\release\ctrl.obj
c:\users\jungle\documents\l-studio\fw\release\comdlgclss.obj
c:\users\jungle\documents\l-studio\fw\release\wndclass.obj
c:\users\jungle\documents\l-studio\fw\release\winmaker.obj
c:\users\jungle\documents\l-studio\fw\release\window.obj
c:\users\jungle\documents\l-studio\fw\release\timer.obj
c:\users\jungle\documents\l-studio\fw\release\resstrng.obj
c:\users\jungle\documents\l-studio\fw\release\registry.obj
c:\users\jungle\documents\l-studio\fw\release\owndrwbtn.obj
c:\users\jungle\documents\l-studio\fw\release\newprocess.obj
c:\users\jungle\documents\l-studio\fw\release\menu.obj
c:\users\jungle\documents\l-studio\fw\release\memoryfile.obj
c:\users\jungle\documents\l-studio\fw\release\gconstrain.obj
c:\users\jungle\documents\l-studio\fw\release\folderbrowser.obj
c:\users\jungle\documents\l-studio\fw\release\findfile.obj
c:\users\jungle\documents\l-studio\fw\release\emailmsg.obj
c:\users\jungle\documents\l-studio\fw\release\email.obj
c:\users\jungle\documents\l-studio\fw\release\event.obj
c:\users\jungle\documents\l-studio\fw\release\tmpfile.obj
c:\users\jungle\documents\l-studio\fw\release\tmpdir.obj
c:\users\jungle\documents\l-studio\fw\release\strbuf.obj
c:\users\jungle\documents\l-studio\fw\release\scrnpnt.obj
c:\users\jungle\documents\l-studio\fw\release\rawmemory.obj
c:\users\jungle\documents\l-studio\fw\release\lstring.obj
c:\users\jungle\documents\l-studio\fw\release\log.obj
c:\users\jungle\documents\l-studio\fw\release\libstrng.obj
c:\users\jungle\documents\l-studio\fw\release\fwuser.obj
c:\users\jungle\documents\l-studio\fw\release\file.obj
c:\users\jungle\documents\l-studio\fw\release\exception.obj
c:\users\jungle\documents\l-studio\fw\release\configfile.obj
c:\users\jungle\documents\l-studio\fw\release\cmndline.obj
c:\users\jungle\documents\l-studio\fw\release\pickclrdlg.obj
c:\users\jungle\documents\l-studio\fw\release\dialog.obj
c:\users\jungle\documents\l-studio\fw\release\scrollctrl.obj
c:\users\jungle\documents\l-studio\fw\release\mdimenus.obj
c:\users\jungle\documents\l-studio\fw\release\mdictrl.obj
c:\users\jungle\documents\l-studio\fw\release\mdiclient.obj
c:\users\jungle\documents\l-studio\fw\release\thread.obj
c:\users\jungle\documents\l-studio\fw\release\semaphore.obj
c:\users\jungle\documents\l-studio\fw\release\mutex.obj
c:\users\jungle\documents\l-studio\fw\release\writergb.obj
c:\users\jungle\documents\l-studio\fw\release\fw.lib
c:\users\jungle\documents\l-studio\fw\release\fw.tlog\cl.command.1.tlog
c:\users\jungle\documents\l-studio\fw\release\fw.tlog\cl.items.tlog
c:\users\jungle\documents\l-studio\fw\release\fw.tlog\cl.read.1.tlog
c:\users\jungle\documents\l-studio\fw\release\fw.tlog\cl.write.1.tlog
c:\users\jungle\documents\l-studio\fw\release\fw.tlog\lib-link.read.1.tlog
c:\users\jungle\documents\l-studio\fw\release\fw.tlog\lib-link.write.1.tlog
c:\users\jungle\documents\l-studio\fw\release\fw.tlog\lib.command.1.tlog
