  app.cpp
C:\Users\jungle\Documents\L-studio\fw\app.cpp(58,2): warning C4996: 'GetVersionExA': was declared deprecated
  appctrl.cpp
  bitmap.cpp
  canvas.cpp
  cursor.cpp
  gdiobjs.cpp
  logfont.cpp
  button.cpp
  colorslider.cpp
  combobox.cpp
  huecircle.cpp
  imagelist.cpp
  ShellShortcut.cpp
  spinctrl.cpp
  splitter.cpp
  statusbar.cpp
  tabctrl.cpp
  tooltip.cpp
  clipboard.cpp
  dropfiles.cpp
  Generating Code...
  Compiling...
  email.cpp
  emailmsg.cpp
  findfile.cpp
  folderbrowser.cpp
  gconstrain.cpp
  memoryfile.cpp
  menu.cpp
  newprocess.cpp
  owndrwbtn.cpp
  registry.cpp
  resstrng.cpp
  timer.cpp
  window.cpp
  winmaker.cpp
  wndclass.cpp
  comdlgclss.cpp
  ctrl.cpp
  formctrl.cpp
  genctrl.cpp
  mdichctrl.cpp
  Generating Code...
  Compiling...
  mdiclient.cpp
  mdictrl.cpp
  mdimenus.cpp
  scrollctrl.cpp
  dialog.cpp
  pickclrdlg.cpp
  cmndline.cpp
  configfile.cpp
  exception.cpp
  file.cpp
  fwuser.cpp
  libstrng.cpp
  log.cpp
  lstring.cpp
  rawmemory.cpp
  scrnpnt.cpp
  strbuf.cpp
  tmpdir.cpp
  tmpfile.cpp
  event.cpp
  Generating Code...
  Compiling...
  mutex.cpp
  semaphore.cpp
  thread.cpp
  Generating Code...
  writergb.c
  fw.vcxproj -> C:\Users\jungle\Documents\L-studio\fw\Release\fw.lib
